  Animacion.cpp
C:\Users\Jony-Prime\Desktop\316030670_GPO13_PROYECTO2024-2\316030670_GPO13_PROYECTO2024-2\Animacion.cpp(197,24): warning C4244: 'inicializando': conversión de 'double' a 'GLfloat'; posible pérdida de datos
C:\Users\Jony-Prime\Desktop\316030670_GPO13_PROYECTO2024-2\316030670_GPO13_PROYECTO2024-2\Animacion.cpp(232,20): warning C4244: '=': conversión de 'double' a 'T'; posible pérdida de datos
          with
          [
              T=float
          ]
C:\Users\Jony-Prime\Desktop\316030670_GPO13_PROYECTO2024-2\316030670_GPO13_PROYECTO2024-2\Animacion.cpp(233,20): warning C4244: '=': conversión de 'double' a 'T'; posible pérdida de datos
          with
          [
              T=float
          ]
C:\Users\Jony-Prime\Desktop\316030670_GPO13_PROYECTO2024-2\316030670_GPO13_PROYECTO2024-2\Animacion.cpp(234,20): warning C4244: '=': conversión de 'double' a 'T'; posible pérdida de datos
          with
          [
              T=float
          ]
C:\Users\Jony-Prime\Desktop\316030670_GPO13_PROYECTO2024-2\316030670_GPO13_PROYECTO2024-2\Animacion.cpp(328,26): warning C4244: '=': conversión de 'double' a 'float'; posible pérdida de datos
C:\Users\Jony-Prime\Desktop\316030670_GPO13_PROYECTO2024-2\316030670_GPO13_PROYECTO2024-2\Animacion.cpp(343,26): warning C4244: '=': conversión de 'double' a 'float'; posible pérdida de datos
C:\Users\Jony-Prime\Desktop\316030670_GPO13_PROYECTO2024-2\316030670_GPO13_PROYECTO2024-2\Animacion.cpp(479,11): warning C4244: '=': conversión de 'double' a 'GLfloat'; posible pérdida de datos
C:\Users\Jony-Prime\Desktop\316030670_GPO13_PROYECTO2024-2\316030670_GPO13_PROYECTO2024-2\Animacion.cpp(480,11): warning C4244: '=': conversión de 'double' a 'GLfloat'; posible pérdida de datos
C:\Users\Jony-Prime\Desktop\316030670_GPO13_PROYECTO2024-2\316030670_GPO13_PROYECTO2024-2\Animacion.cpp(484,18): warning C4244: 'inicializando': conversión de 'double' a 'GLfloat'; posible pérdida de datos
C:\Users\Jony-Prime\Desktop\316030670_GPO13_PROYECTO2024-2\316030670_GPO13_PROYECTO2024-2\Animacion.cpp(485,18): warning C4244: 'inicializando': conversión de 'double' a 'GLfloat'; posible pérdida de datos
C:\Users\Jony-Prime\Desktop\316030670_GPO13_PROYECTO2024-2\316030670_GPO13_PROYECTO2024-2\Animacion.cpp(487,10): warning C4244: '=': conversión de 'double' a 'GLfloat'; posible pérdida de datos
C:\Users\Jony-Prime\Desktop\316030670_GPO13_PROYECTO2024-2\316030670_GPO13_PROYECTO2024-2\Animacion.cpp(488,10): warning C4244: '=': conversión de 'double' a 'GLfloat'; posible pérdida de datos
LINK : warning LNK4098: la biblioteca predeterminada'MSVCRT' entra en conflicto con otras bibliotecas; use la biblioteca /NODEFAULTLIB:biblioteca
soil2-debug.lib(etc1_utils.obj) : warning LNK4099: no se encontró PDB '' con 'soil2-debug.lib(etc1_utils.obj)' o en ''; se vinculará el objeto sin tener en cuenta información de depuración
soil2-debug.lib(image_DXT.obj) : warning LNK4099: no se encontró PDB '' con 'soil2-debug.lib(image_DXT.obj)' o en ''; se vinculará el objeto sin tener en cuenta información de depuración
soil2-debug.lib(image_helper.obj) : warning LNK4099: no se encontró PDB '' con 'soil2-debug.lib(image_helper.obj)' o en ''; se vinculará el objeto sin tener en cuenta información de depuración
soil2-debug.lib(SOIL2.obj) : warning LNK4099: no se encontró PDB '' con 'soil2-debug.lib(SOIL2.obj)' o en ''; se vinculará el objeto sin tener en cuenta información de depuración
  316030670_GPO13_PROYECTO2024-2.vcxproj -> C:\Users\Jony-Prime\Desktop\316030670_GPO13_PROYECTO2024-2\Debug\316030670_GPO13_PROYECTO2024-2.exe
